1550458833787	mozrunner::runner	INFO	Running command: "C:\\Program Files\\Mozilla Firefox\\firefox.exe" "-marionette" "-foreground" "-no-remote" "-profile" "C:\\Users\\hienbt\\AppData\\Local\\Temp\\rust_mozprofile.b87yxX3v7181"
1550458934043	mozrunner::runner	INFO	Running command: "C:\\Program Files\\Mozilla Firefox\\firefox.exe" "-marionette" "-foreground" "-no-remote" "-profile" "C:\\Users\\hienbt\\AppData\\Local\\Temp\\rust_mozprofile.GZw5mUqMcYKQ"
1550458935968	addons.webextension.screenshots@mozilla.org	WARN	Loading extension 'screenshots@mozilla.org': Reading manifest: Invalid extension permission: mozillaAddons
1550458936024	addons.webextension.screenshots@mozilla.org	WARN	Loading extension 'screenshots@mozilla.org': Reading manifest: Invalid extension permission: resource://pdf.js/
1550458936024	addons.webextension.screenshots@mozilla.org	WARN	Loading extension 'screenshots@mozilla.org': Reading manifest: Invalid extension permission: about:reader*
1550458939993	Marionette	INFO	Listening on port 51535
1550458940295	Marionette	WARN	TLS certificate errors will be ignored for this session
console.error: BroadcastService: 
  receivedBroadcastMessage: handler for
  remote-settings/monitor_changes
  threw error:
  Message: Error: Polling for changes failed: NetworkError when attempting to fetch resource..
  Stack:
    remoteSettingsFunction/remoteSettings.pollChanges@resource://services-settings/remote-settings.js:190:13

JavaScript error: https://cdn.ampproject.org/rtv/011902081532110/amp4ads-v0.js, line 282: NS_ERROR_FAILURE: 
JavaScript error: https://cdn.ampproject.org/rtv/011902081532110/amp4ads-v0.js, line 282: NS_ERROR_FAILURE: 
JavaScript error: https://cdn.ampproject.org/rtv/011902081532110/amp4ads-v0.js, line 282: NS_ERROR_FAILURE: 
JavaScript error: https://cdn.ampproject.org/rtv/011902081532110/amp4ads-v0.js, line 282: NS_ERROR_FAILURE: 
JavaScript error: https://cdn.ampproject.org/rtv/011902081532110/amp4ads-v0.js, line 282: NS_ERROR_FAILURE: 
JavaScript error: https://cdn.ampproject.org/rtv/011902081532110/v0/amp-analytics-0.1.js, line 184: NS_ERROR_NOT_INITIALIZED: 
JavaScript error: https://cdn.ampproject.org/rtv/011902081532110/amp4ads-v0.js, line 282: NS_ERROR_FAILURE: 
JavaScript error: https://cdn.ampproject.org/rtv/011902081532110/amp4ads-v0.js, line 282: NS_ERROR_FAILURE: 
JavaScript error: https://cdn.ampproject.org/rtv/011902081532110/amp4ads-v0.js, line 282: NS_ERROR_FAILURE: 
JavaScript error: https://cdn.ampproject.org/rtv/011902081532110/amp4ads-v0.js, line 282: NS_ERROR_FAILURE: 
JavaScript error: https://cdn.ampproject.org/rtv/011902081532110/amp4ads-v0.js, line 282: NS_ERROR_FAILURE: 
JavaScript error: https://cdn.ampproject.org/rtv/011902081532110/amp4ads-v0.js, line 282: NS_ERROR_FAILURE: 
JavaScript error: https://cdn.ampproject.org/rtv/011902081532110/amp4ads-v0.js, line 282: NS_ERROR_FAILURE: 
JavaScript error: https://cdn.ampproject.org/rtv/011902081532110/amp4ads-v0.js, line 282: NS_ERROR_FAILURE: 
JavaScript error: https://cdn.ampproject.org/rtv/011902081532110/amp4ads-v0.js, line 282: NS_ERROR_FAILURE: 
JavaScript error: https://cdn.ampproject.org/rtv/011902081532110/amp4ads-v0.js, line 282: NS_ERROR_FAILURE: 
JavaScript error: https://cdn.ampproject.org/rtv/011902081532110/amp4ads-v0.js, line 282: NS_ERROR_FAILURE: 
JavaScript error: https://cdn.ampproject.org/rtv/011902081532110/amp4ads-v0.js, line 282: NS_ERROR_FAILURE: 
JavaScript error: https://cdn.ampproject.org/rtv/011902081532110/amp4ads-v0.js, line 282: NS_ERROR_FAILURE: 
JavaScript error: https://cdn.ampproject.org/rtv/011902081532110/amp4ads-v0.js, line 282: NS_ERROR_FAILURE: 
JavaScript error: https://cdn.ampproject.org/rtv/011902081532110/amp4ads-v0.js, line 282: NS_ERROR_FAILURE: 
JavaScript error: https://cdn.ampproject.org/rtv/011902081532110/amp4ads-v0.js, line 282: NS_ERROR_FAILURE: 
JavaScript error: https://cdn.ampproject.org/rtv/011902081532110/amp4ads-v0.js, line 282: NS_ERROR_FAILURE: 
JavaScript error: https://cdn.ampproject.org/rtv/011902081532110/amp4ads-v0.js, line 282: NS_ERROR_FAILURE: 
JavaScript error: https://cdn.ampproject.org/rtv/011902081532110/amp4ads-v0.js, line 282: NS_ERROR_FAILURE: 
JavaScript error: https://cdn.ampproject.org/rtv/011902081532110/amp4ads-v0.js, line 282: NS_ERROR_FAILURE: 
JavaScript error: https://cdn.ampproject.org/rtv/011902081532110/amp4ads-v0.js, line 282: NS_ERROR_FAILURE: 
JavaScript error: https://cdn.ampproject.org/rtv/011902081532110/amp4ads-v0.js, line 282: NS_ERROR_FAILURE: 
JavaScript error: https://cdn.ampproject.org/rtv/011902081532110/amp4ads-v0.js, line 282: NS_ERROR_FAILURE: 
JavaScript error: https://cdn.ampproject.org/rtv/011902081532110/amp4ads-v0.js, line 282: NS_ERROR_FAILURE: 
JavaScript error: https://cdn.ampproject.org/rtv/011902081532110/amp4ads-v0.js, line 282: NS_ERROR_FAILURE: 
JavaScript error: https://cdn.ampproject.org/rtv/011902081532110/amp4ads-v0.js, line 282: NS_ERROR_FAILURE: 
JavaScript error: https://cdn.ampproject.org/rtv/011902081532110/amp4ads-v0.js, line 282: NS_ERROR_FAILURE: 
JavaScript error: https://cdn.ampproject.org/rtv/011902081532110/amp4ads-v0.js, line 282: NS_ERROR_FAILURE: 
JavaScript error: https://cdn.ampproject.org/rtv/011902081532110/amp4ads-v0.js, line 282: NS_ERROR_FAILURE: 
JavaScript error: https://cdn.ampproject.org/rtv/011902081532110/amp4ads-v0.js, line 282: NS_ERROR_FAILURE: 
JavaScript error: https://cdn.ampproject.org/rtv/011902081532110/amp4ads-v0.js, line 282: NS_ERROR_FAILURE: 
JavaScript error: https://cdn.ampproject.org/rtv/011902081532110/amp4ads-v0.js, line 282: NS_ERROR_FAILURE: 
JavaScript error: https://cdn.ampproject.org/rtv/011902081532110/amp4ads-v0.js, line 282: NS_ERROR_FAILURE: 
JavaScript error: https://cdn.ampproject.org/rtv/011902081532110/amp4ads-v0.js, line 282: NS_ERROR_FAILURE: 
JavaScript error: https://cdn.ampproject.org/rtv/011902081532110/amp4ads-v0.js, line 282: NS_ERROR_FAILURE: 
JavaScript error: https://cdn.ampproject.org/rtv/011902081532110/amp4ads-v0.js, line 282: NS_ERROR_FAILURE: 
JavaScript error: https://cdn.ampproject.org/rtv/011902081532110/amp4ads-v0.js, line 282: NS_ERROR_FAILURE: 
JavaScript error: https://cdn.ampproject.org/rtv/011902081532110/amp4ads-v0.js, line 282: NS_ERROR_FAILURE: 
JavaScript error: https://cdn.ampproject.org/rtv/011902081532110/amp4ads-v0.js, line 282: NS_ERROR_FAILURE: 
JavaScript error: https://cdn.ampproject.org/rtv/011902081532110/amp4ads-v0.js, line 282: NS_ERROR_FAILURE: 
JavaScript error: https://cdn.ampproject.org/rtv/011902081532110/amp4ads-v0.js, line 282: NS_ERROR_FAILURE: 
JavaScript error: https://cdn.sstatic.net/clc/clc.min.js?v=d926a9d0eedc, line 1: TypeError: a is null
JavaScript error: https://cdn.ampproject.org/rtv/011902081532110/amp4ads-v0.js, line 282: NS_ERROR_FAILURE: 
JavaScript error: https://cdn.ampproject.org/rtv/011902081532110/amp4ads-v0.js, line 282: NS_ERROR_FAILURE: 
JavaScript error: https://cdn.ampproject.org/rtv/011902081532110/amp4ads-v0.js, line 282: NS_ERROR_FAILURE: 
JavaScript error: https://cdn.ampproject.org/rtv/011902081532110/amp4ads-v0.js, line 282: NS_ERROR_FAILURE: 
JavaScript error: https://cdn.ampproject.org/rtv/011902081532110/amp4ads-v0.js, line 282: NS_ERROR_FAILURE: 
JavaScript error: https://cdn.ampproject.org/rtv/011902081532110/amp4ads-v0.js, line 282: NS_ERROR_FAILURE: 
JavaScript error: https://cdn.ampproject.org/rtv/011902081532110/amp4ads-v0.js, line 282: NS_ERROR_FAILURE: 
JavaScript error: https://cdn.ampproject.org/rtv/011902081532110/amp4ads-v0.js, line 282: NS_ERROR_FAILURE: 
JavaScript error: https://cdn.ampproject.org/rtv/011902081532110/amp4ads-v0.js, line 282: NS_ERROR_FAILURE: 
JavaScript error: https://cdn.ampproject.org/rtv/011902081532110/amp4ads-v0.js, line 282: NS_ERROR_FAILURE: 
JavaScript error: https://cdn.ampproject.org/rtv/011902081532110/amp4ads-v0.js, line 282: NS_ERROR_FAILURE: 
JavaScript error: https://cdn.ampproject.org/rtv/011902081532110/amp4ads-v0.js, line 282: NS_ERROR_FAILURE: 
JavaScript error: https://cdn.ampproject.org/rtv/011902081532110/amp4ads-v0.js, line 282: NS_ERROR_FAILURE: 
JavaScript error: https://cdn.ampproject.org/rtv/011902081532110/amp4ads-v0.js, line 282: NS_ERROR_FAILURE: 
JavaScript error: https://cdn.ampproject.org/rtv/011902081532110/amp4ads-v0.js, line 282: NS_ERROR_FAILURE: 
JavaScript error: https://cdn.ampproject.org/rtv/011902081532110/amp4ads-v0.js, line 282: NS_ERROR_FAILURE: 
JavaScript error: https://cdn.ampproject.org/rtv/011902081532110/amp4ads-v0.js, line 282: NS_ERROR_FAILURE: 
JavaScript error: https://cdn.ampproject.org/rtv/011902081532110/amp4ads-v0.js, line 282: NS_ERROR_FAILURE: 
JavaScript error: https://cdn.ampproject.org/rtv/011902081532110/amp4ads-v0.js, line 282: NS_ERROR_FAILURE: 
JavaScript error: https://cdn.ampproject.org/rtv/011902081532110/amp4ads-v0.js, line 282: NS_ERROR_FAILURE: 
JavaScript error: https://cdn.ampproject.org/rtv/011902081532110/amp4ads-v0.js, line 282: NS_ERROR_FAILURE: 
JavaScript error: https://cdn.ampproject.org/rtv/011902081532110/amp4ads-v0.js, line 282: NS_ERROR_FAILURE: 
JavaScript error: https://cdn.ampproject.org/rtv/011902081532110/amp4ads-v0.js, line 282: NS_ERROR_FAILURE: 
JavaScript error: https://cdn.ampproject.org/rtv/011902081532110/amp4ads-v0.js, line 282: NS_ERROR_FAILURE: 
JavaScript error: https://cdn.ampproject.org/rtv/011902081532110/amp4ads-v0.js, line 282: NS_ERROR_FAILURE: 
JavaScript error: https://cdn.ampproject.org/rtv/011902081532110/amp4ads-v0.js, line 282: NS_ERROR_FAILURE: 
JavaScript error: https://cdn.ampproject.org/rtv/011902081532110/amp4ads-v0.js, line 282: NS_ERROR_FAILURE: 
JavaScript error: https://cdn.ampproject.org/rtv/011902081532110/amp4ads-v0.js, line 282: NS_ERROR_FAILURE: 
JavaScript error: https://cdn.ampproject.org/rtv/011902081532110/amp4ads-v0.js, line 282: NS_ERROR_FAILURE: 
JavaScript error: https://cdn.ampproject.org/rtv/011902081532110/amp4ads-v0.js, line 282: NS_ERROR_FAILURE: 
JavaScript error: https://cdn.ampproject.org/rtv/011902081532110/amp4ads-v0.js, line 282: NS_ERROR_FAILURE: 
JavaScript error: https://cdn.ampproject.org/rtv/011902081532110/amp4ads-v0.js, line 282: NS_ERROR_FAILURE: 
JavaScript error: https://cdn.ampproject.org/rtv/011902081532110/amp4ads-v0.js, line 282: NS_ERROR_FAILURE: 
JavaScript error: https://cdn.ampproject.org/rtv/011902081532110/amp4ads-v0.js, line 282: NS_ERROR_FAILURE: 
JavaScript error: https://cdn.ampproject.org/rtv/011902081532110/amp4ads-v0.js, line 282: NS_ERROR_FAILURE: 
JavaScript error: https://cdn.ampproject.org/rtv/011902081532110/amp4ads-v0.js, line 282: NS_ERROR_FAILURE: 
JavaScript error: https://cdn.ampproject.org/rtv/011902081532110/amp4ads-v0.js, line 282: NS_ERROR_FAILURE: 
JavaScript error: https://cdn.ampproject.org/rtv/011902081532110/amp4ads-v0.js, line 282: NS_ERROR_FAILURE: 
JavaScript error: https://cdn.ampproject.org/rtv/011902081532110/amp4ads-v0.js, line 282: NS_ERROR_FAILURE: 
JavaScript error: https://cdn.ampproject.org/rtv/011902081532110/amp4ads-v0.js, line 282: NS_ERROR_FAILURE: 
JavaScript error: https://cdn.ampproject.org/rtv/011902081532110/amp4ads-v0.js, line 282: NS_ERROR_FAILURE: 
JavaScript error: https://cdn.ampproject.org/rtv/011902081532110/amp4ads-v0.js, line 282: NS_ERROR_FAILURE: 
JavaScript error: https://cdn.ampproject.org/rtv/011902081532110/amp4ads-v0.js, line 282: NS_ERROR_FAILURE: 
JavaScript error: https://cdn.ampproject.org/rtv/011902081532110/amp4ads-v0.js, line 282: NS_ERROR_FAILURE: 
JavaScript error: https://cdn.ampproject.org/rtv/011902081532110/amp4ads-v0.js, line 282: NS_ERROR_FAILURE: 
JavaScript error: https://cdn.ampproject.org/rtv/011902081532110/amp4ads-v0.js, line 282: NS_ERROR_FAILURE: 
JavaScript error: https://cdn.ampproject.org/rtv/011902081532110/amp4ads-v0.js, line 282: NS_ERROR_FAILURE: 
JavaScript error: https://cdn.ampproject.org/rtv/011902081532110/amp4ads-v0.js, line 282: NS_ERROR_FAILURE: 
JavaScript error: https://cdn.ampproject.org/rtv/011902081532110/amp4ads-v0.js, line 282: NS_ERROR_FAILURE: 
JavaScript error: https://cdn.ampproject.org/rtv/011902081532110/amp4ads-v0.js, line 282: NS_ERROR_FAILURE: 
JavaScript error: https://cdn.ampproject.org/rtv/011902081532110/amp4ads-v0.js, line 282: NS_ERROR_FAILURE: 
JavaScript error: https://cdn.ampproject.org/rtv/011902081532110/amp4ads-v0.js, line 282: NS_ERROR_FAILURE: 
JavaScript error: https://cdn.ampproject.org/rtv/011902081532110/amp4ads-v0.js, line 282: NS_ERROR_FAILURE: 
JavaScript error: https://cdn.ampproject.org/rtv/011902081532110/amp4ads-v0.js, line 282: NS_ERROR_FAILURE: 
JavaScript error: https://cdn.ampproject.org/rtv/011902081532110/amp4ads-v0.js, line 282: NS_ERROR_FAILURE: 
JavaScript error: https://cdn.ampproject.org/rtv/011902081532110/amp4ads-v0.js, line 282: NS_ERROR_FAILURE: 
JavaScript error: https://cdn.ampproject.org/rtv/011902081532110/amp4ads-v0.js, line 282: NS_ERROR_FAILURE: 
JavaScript error: https://cdn.ampproject.org/rtv/011902081532110/amp4ads-v0.js, line 282: NS_ERROR_FAILURE: 
JavaScript error: https://cdn.ampproject.org/rtv/011902081532110/amp4ads-v0.js, line 282: NS_ERROR_FAILURE: 
JavaScript error: https://cdn.ampproject.org/rtv/011902081532110/amp4ads-v0.js, line 282: NS_ERROR_FAILURE: 
JavaScript error: https://cdn.ampproject.org/rtv/011902081532110/amp4ads-v0.js, line 282: NS_ERROR_FAILURE: 
JavaScript error: https://cdn.ampproject.org/rtv/011902081532110/amp4ads-v0.js, line 282: NS_ERROR_FAILURE: 
JavaScript error: https://cdn.ampproject.org/rtv/011902081532110/amp4ads-v0.js, line 282: NS_ERROR_FAILURE: 
JavaScript error: https://cdn.ampproject.org/rtv/011902081532110/amp4ads-v0.js, line 282: NS_ERROR_FAILURE: 
JavaScript error: https://cdn.ampproject.org/rtv/011902081532110/amp4ads-v0.js, line 282: NS_ERROR_FAILURE: 
JavaScript error: https://cdn.ampproject.org/rtv/011902081532110/amp4ads-v0.js, line 282: NS_ERROR_FAILURE: 
JavaScript error: https://cdn.ampproject.org/rtv/011902081532110/amp4ads-v0.js, line 282: NS_ERROR_FAILURE: 
JavaScript error: https://cdn.ampproject.org/rtv/011902081532110/amp4ads-v0.js, line 282: NS_ERROR_FAILURE: 
JavaScript error: https://cdn.ampproject.org/rtv/011902081532110/amp4ads-v0.js, line 282: NS_ERROR_FAILURE: 
JavaScript error: https://cdn.ampproject.org/rtv/011902081532110/amp4ads-v0.js, line 282: NS_ERROR_FAILURE: 
JavaScript error: https://cdn.ampproject.org/rtv/011902081532110/amp4ads-v0.js, line 282: NS_ERROR_FAILURE: 
JavaScript error: https://cdn.ampproject.org/rtv/011902081532110/amp4ads-v0.js, line 282: NS_ERROR_FAILURE: 
JavaScript error: https://cdn.ampproject.org/rtv/011902081532110/amp4ads-v0.js, line 282: NS_ERROR_FAILURE: 
JavaScript error: https://cdn.ampproject.org/rtv/011902081532110/amp4ads-v0.js, line 282: NS_ERROR_FAILURE: 
JavaScript error: https://cdn.ampproject.org/rtv/011902081532110/amp4ads-v0.js, line 282: NS_ERROR_FAILURE: 
JavaScript error: https://cdn.ampproject.org/rtv/011902081532110/amp4ads-v0.js, line 282: NS_ERROR_FAILURE: 
JavaScript error: https://cdn.ampproject.org/rtv/011902081532110/amp4ads-v0.js, line 282: NS_ERROR_FAILURE: 
JavaScript error: https://cdn.ampproject.org/rtv/011902081532110/amp4ads-v0.js, line 282: NS_ERROR_FAILURE: 
JavaScript error: https://cdn.ampproject.org/rtv/011902081532110/amp4ads-v0.js, line 282: NS_ERROR_FAILURE: 
JavaScript error: https://cdn.ampproject.org/rtv/011902081532110/amp4ads-v0.js, line 282: NS_ERROR_FAILURE: 
JavaScript error: https://cdn.ampproject.org/rtv/011902081532110/amp4ads-v0.js, line 282: NS_ERROR_FAILURE: 
JavaScript error: https://cdn.ampproject.org/rtv/011902081532110/amp4ads-v0.js, line 282: NS_ERROR_FAILURE: 
JavaScript error: https://cdn.ampproject.org/rtv/011902081532110/amp4ads-v0.js, line 282: NS_ERROR_FAILURE: 
JavaScript error: https://cdn.ampproject.org/rtv/011902081532110/amp4ads-v0.js, line 282: NS_ERROR_FAILURE: 
JavaScript error: https://cdn.ampproject.org/rtv/011902081532110/amp4ads-v0.js, line 282: NS_ERROR_FAILURE: 
JavaScript error: https://cdn.ampproject.org/rtv/011902081532110/amp4ads-v0.js, line 282: NS_ERROR_FAILURE: 
JavaScript error: https://cdn.ampproject.org/rtv/011902081532110/amp4ads-v0.js, line 282: NS_ERROR_FAILURE: 
JavaScript error: https://cdn.ampproject.org/rtv/011902081532110/amp4ads-v0.js, line 282: NS_ERROR_FAILURE: 
JavaScript error: https://cdn.ampproject.org/rtv/011902081532110/amp4ads-v0.js, line 282: NS_ERROR_FAILURE: 
JavaScript error: https://cdn.ampproject.org/rtv/011902081532110/amp4ads-v0.js, line 282: NS_ERROR_FAILURE: 
JavaScript error: https://cdn.ampproject.org/rtv/011902081532110/amp4ads-v0.js, line 282: NS_ERROR_FAILURE: 
JavaScript error: https://cdn.ampproject.org/rtv/011902081532110/amp4ads-v0.js, line 282: NS_ERROR_FAILURE: 
JavaScript error: https://cdn.ampproject.org/rtv/011902081532110/amp4ads-v0.js, line 282: NS_ERROR_FAILURE: 
JavaScript error: https://cdn.ampproject.org/rtv/011902081532110/amp4ads-v0.js, line 282: NS_ERROR_FAILURE: 
JavaScript error: https://cdn.ampproject.org/rtv/011902081532110/amp4ads-v0.js, line 282: NS_ERROR_FAILURE: 
JavaScript error: https://cdn.ampproject.org/rtv/011902081532110/amp4ads-v0.js, line 282: NS_ERROR_FAILURE: 
JavaScript error: https://cdn.ampproject.org/rtv/011902081532110/amp4ads-v0.js, line 282: NS_ERROR_FAILURE: 
JavaScript error: https://cdn.ampproject.org/rtv/011902081532110/amp4ads-v0.js, line 282: NS_ERROR_FAILURE: 
JavaScript error: https://cdn.ampproject.org/rtv/011902081532110/amp4ads-v0.js, line 282: NS_ERROR_FAILURE: 
JavaScript error: https://cdn.ampproject.org/rtv/011902081532110/amp4ads-v0.js, line 282: NS_ERROR_FAILURE: 
JavaScript error: https://cdn.ampproject.org/rtv/011902081532110/amp4ads-v0.js, line 282: NS_ERROR_FAILURE: 
JavaScript error: https://cdn.ampproject.org/rtv/011902081532110/amp4ads-v0.js, line 282: NS_ERROR_FAILURE: 
JavaScript error: https://cdn.ampproject.org/rtv/011902081532110/amp4ads-v0.js, line 282: NS_ERROR_FAILURE: 
JavaScript error: https://cdn.ampproject.org/rtv/011902081532110/amp4ads-v0.js, line 282: NS_ERROR_FAILURE: 
JavaScript error: https://cdn.ampproject.org/rtv/011902081532110/amp4ads-v0.js, line 282: NS_ERROR_FAILURE: 
JavaScript error: https://cdn.ampproject.org/rtv/011902081532110/amp4ads-v0.js, line 282: NS_ERROR_FAILURE: 
JavaScript error: https://cdn.ampproject.org/rtv/011902081532110/amp4ads-v0.js, line 282: NS_ERROR_FAILURE: 
JavaScript error: https://cdn.ampproject.org/rtv/011902081532110/amp4ads-v0.js, line 282: NS_ERROR_FAILURE: 
JavaScript error: https://cdn.ampproject.org/rtv/011902081532110/amp4ads-v0.js, line 282: NS_ERROR_FAILURE: 
JavaScript error: https://cdn.ampproject.org/rtv/011902081532110/amp4ads-v0.js, line 282: NS_ERROR_FAILURE: 
JavaScript error: https://cdn.ampproject.org/rtv/011902081532110/amp4ads-v0.js, line 282: NS_ERROR_FAILURE: 
JavaScript error: https://secure-ds.serving-sys.com/BurstingCachedScripts/Modules_1_55_0_0/AdChoice.js, line 1: TypeError: img is null
JavaScript error: https://secure-ds.serving-sys.com/BurstingCachedScripts/Modules_1_55_0_0/AdChoice.js, line 1: TypeError: img is null
JavaScript error: https://cdn.ampproject.org/rtv/011902081532110/amp4ads-v0.js, line 282: NS_ERROR_FAILURE: 
JavaScript error: https://cdn.ampproject.org/rtv/011902081532110/amp4ads-v0.js, line 282: NS_ERROR_FAILURE: 
JavaScript error: https://cdn.ampproject.org/rtv/011902081532110/amp4ads-v0.js, line 282: NS_ERROR_FAILURE: 
JavaScript error: https://cdn.ampproject.org/rtv/011902081532110/amp4ads-v0.js, line 282: NS_ERROR_FAILURE: 
JavaScript error: https://cdn.ampproject.org/rtv/011902081532110/amp4ads-v0.js, line 282: NS_ERROR_FAILURE: 
JavaScript error: https://cdn.ampproject.org/rtv/011902081532110/amp4ads-v0.js, line 282: NS_ERROR_FAILURE: 
JavaScript error: https://cdn.ampproject.org/rtv/011902081532110/amp4ads-v0.js, line 282: NS_ERROR_FAILURE: 
JavaScript error: https://cdn.ampproject.org/rtv/011902081532110/amp4ads-v0.js, line 282: NS_ERROR_FAILURE: 
JavaScript error: https://cdn.ampproject.org/rtv/011902081532110/amp4ads-v0.js, line 282: NS_ERROR_FAILURE: 
JavaScript error: https://cdn.ampproject.org/rtv/011902081532110/amp4ads-v0.js, line 282: NS_ERROR_FAILURE: 
JavaScript error: https://cdn.ampproject.org/rtv/011902081532110/amp4ads-v0.js, line 282: NS_ERROR_FAILURE: 
JavaScript error: https://cdn.ampproject.org/rtv/011902081532110/amp4ads-v0.js, line 282: NS_ERROR_FAILURE: 
JavaScript error: https://cdn.ampproject.org/rtv/011902081532110/amp4ads-v0.js, line 282: NS_ERROR_FAILURE: 
JavaScript error: https://cdn.ampproject.org/rtv/011902081532110/amp4ads-v0.js, line 282: NS_ERROR_FAILURE: 
JavaScript error: https://cdn.ampproject.org/rtv/011902081532110/amp4ads-v0.js, line 282: NS_ERROR_FAILURE: 
JavaScript error: https://cdn.ampproject.org/rtv/011902081532110/amp4ads-v0.js, line 282: NS_ERROR_FAILURE: 
JavaScript error: https://cdn.ampproject.org/rtv/011902081532110/v0/amp-analytics-0.1.js, line 184: NS_ERROR_NOT_INITIALIZED: 
JavaScript error: https://cdn.ampproject.org/rtv/011902081532110/amp4ads-v0.js, line 282: NS_ERROR_FAILURE: 
JavaScript error: https://cdn.ampproject.org/rtv/011902081532110/amp4ads-v0.js, line 282: NS_ERROR_FAILURE: 
JavaScript error: https://cdn.ampproject.org/rtv/011902081532110/amp4ads-v0.js, line 282: NS_ERROR_FAILURE: 
JavaScript error: https://cdn.ampproject.org/rtv/011902081532110/amp4ads-v0.js, line 282: NS_ERROR_FAILURE: 
JavaScript error: https://cdn.ampproject.org/rtv/011902081532110/amp4ads-v0.js, line 282: NS_ERROR_FAILURE: 
JavaScript error: https://cdn.ampproject.org/rtv/011902081532110/amp4ads-v0.js, line 282: NS_ERROR_FAILURE: 
JavaScript error: https://cdn.ampproject.org/rtv/011902081532110/amp4ads-v0.js, line 282: NS_ERROR_FAILURE: 
JavaScript error: https://cdn.ampproject.org/rtv/011902081532110/amp4ads-v0.js, line 282: NS_ERROR_FAILURE: 
JavaScript error: https://cdn.ampproject.org/rtv/011902081532110/amp4ads-v0.js, line 282: NS_ERROR_FAILURE: 
JavaScript error: https://cdn.ampproject.org/rtv/011902081532110/amp4ads-v0.js, line 282: NS_ERROR_FAILURE: 
JavaScript error: https://cdn.ampproject.org/rtv/011902081532110/amp4ads-v0.js, line 282: NS_ERROR_FAILURE: 
JavaScript error: https://cdn.ampproject.org/rtv/011902081532110/amp4ads-v0.js, line 282: NS_ERROR_FAILURE: 
JavaScript error: https://cdn.ampproject.org/rtv/011902081532110/amp4ads-v0.js, line 282: NS_ERROR_FAILURE: 
JavaScript error: https://cdn.ampproject.org/rtv/011902081532110/amp4ads-v0.js, line 282: NS_ERROR_FAILURE: 
JavaScript error: https://cdn.ampproject.org/rtv/011902081532110/amp4ads-v0.js, line 282: NS_ERROR_FAILURE: 
JavaScript error: https://cdn.ampproject.org/rtv/011902081532110/amp4ads-v0.js, line 282: NS_ERROR_FAILURE: 
JavaScript error: https://cdn.ampproject.org/rtv/011902081532110/amp4ads-v0.js, line 282: NS_ERROR_FAILURE: 
JavaScript error: https://cdn.ampproject.org/rtv/011902081532110/amp4ads-v0.js, line 282: NS_ERROR_FAILURE: 
JavaScript error: https://cdn.ampproject.org/rtv/011902081532110/amp4ads-v0.js, line 282: NS_ERROR_FAILURE: 
JavaScript error: https://cdn.ampproject.org/rtv/011902081532110/amp4ads-v0.js, line 282: NS_ERROR_FAILURE: 
JavaScript error: https://cdn.ampproject.org/rtv/011902081532110/amp4ads-v0.js, line 282: NS_ERROR_FAILURE: 
JavaScript error: https://cdn.ampproject.org/rtv/011902081532110/amp4ads-v0.js, line 282: NS_ERROR_FAILURE: 
JavaScript error: https://cdn.ampproject.org/rtv/011902081532110/amp4ads-v0.js, line 282: NS_ERROR_FAILURE: 
JavaScript error: https://cdn.ampproject.org/rtv/011902081532110/amp4ads-v0.js, line 282: NS_ERROR_FAILURE: 
JavaScript error: https://cdn.ampproject.org/rtv/011902081532110/amp4ads-v0.js, line 282: NS_ERROR_FAILURE: 
JavaScript error: https://cdn.ampproject.org/rtv/011902081532110/amp4ads-v0.js, line 282: NS_ERROR_FAILURE: 
JavaScript error: https://cdn.ampproject.org/rtv/011902081532110/amp4ads-v0.js, line 282: NS_ERROR_FAILURE: 
JavaScript error: https://cdn.ampproject.org/rtv/011902081532110/amp4ads-v0.js, line 282: NS_ERROR_FAILURE: 
JavaScript error: https://cdn.ampproject.org/rtv/011902081532110/amp4ads-v0.js, line 282: NS_ERROR_FAILURE: 
JavaScript error: https://cdn.ampproject.org/rtv/011902081532110/amp4ads-v0.js, line 282: NS_ERROR_FAILURE: 
JavaScript error: https://cdn.ampproject.org/rtv/011902081532110/amp4ads-v0.js, line 282: NS_ERROR_FAILURE: 
JavaScript error: https://cdn.ampproject.org/rtv/011902081532110/amp4ads-v0.js, line 282: NS_ERROR_FAILURE: 
JavaScript error: https://cdn.ampproject.org/rtv/011902081532110/v0/amp-analytics-0.1.js, line 184: NS_ERROR_NOT_INITIALIZED: 
JavaScript error: https://cdn.ampproject.org/rtv/011902081532110/amp4ads-v0.js, line 282: NS_ERROR_FAILURE: 
JavaScript error: https://cdn.ampproject.org/rtv/011902081532110/amp4ads-v0.js, line 282: NS_ERROR_FAILURE: 
JavaScript error: https://cdn.ampproject.org/rtv/011902081532110/amp4ads-v0.js, line 282: NS_ERROR_FAILURE: 
JavaScript error: https://cdn.ampproject.org/rtv/011902081532110/amp4ads-v0.js, line 282: NS_ERROR_FAILURE: 
JavaScript error: https://cdn.ampproject.org/rtv/011902081532110/amp4ads-v0.js, line 282: NS_ERROR_FAILURE: 
JavaScript error: https://cdn.ampproject.org/rtv/011902081532110/amp4ads-v0.js, line 282: NS_ERROR_FAILURE: 
JavaScript error: https://cdn.ampproject.org/rtv/011902081532110/amp4ads-v0.js, line 282: NS_ERROR_FAILURE: 
JavaScript error: https://cdn.ampproject.org/rtv/011902081532110/amp4ads-v0.js, line 282: NS_ERROR_FAILURE: 
JavaScript error: https://cdn.ampproject.org/rtv/011902081532110/amp4ads-v0.js, line 282: NS_ERROR_FAILURE: 
JavaScript error: https://cdn.ampproject.org/rtv/011902081532110/amp4ads-v0.js, line 282: NS_ERROR_FAILURE: 
JavaScript error: https://cdn.ampproject.org/rtv/011902081532110/amp4ads-v0.js, line 282: NS_ERROR_FAILURE: 
JavaScript error: https://cdn.ampproject.org/rtv/011902081532110/amp4ads-v0.js, line 282: NS_ERROR_FAILURE: 
JavaScript error: https://cdn.ampproject.org/rtv/011902081532110/v0/amp-analytics-0.1.js, line 184: NS_ERROR_NOT_INITIALIZED: 
[Parent 7644, Gecko_IOThread] WARNING: pipe error: 109: file z:/build/build/src/ipc/chromium/src/chrome/common/ipc_channel_win.cc, line 332
[Parent 7644, Gecko_IOThread] WARNING: pipe error: 109: file z:/build/build/src/ipc/chromium/src/chrome/common/ipc_channel_win.cc, line 332
[Child 7360, Chrome_ChildThread] WARNING: pipe error: 109: file z:/build/build/src/ipc/chromium/src/chrome/common/ipc_channel_win.cc, line 332
[Child 7496, Chrome_ChildThread] WARNING: pipe error: 109: file z:/build/build/src/ipc/chromium/src/chrome/common/ipc_channel_win.cc, line 332
[Chi[Parent 7644, Gecko_IOThread] WARNING: file z:/build/build/src/ipc/chromium/src/base/process_util_win.cc, line 166
[Parent 7644, Gecko_IOThread] WARNING: file z:/build/build/src/ipc/chromium/src/base/process_util_win.cc, line 166
[Parent 7644, Gecko_IOThread] WARNING: pipe error: 109: file z:/build/build/src/ipc/chromium/src/chrome/common/ipc_channel_win.cc, line 332
[Child 6236, Chrome_ChildThread] WARNING: pipe error: 109: file z:/build/build/src/ipc/chromium/src/chrome/common/ipc_channel_win.cc, line 332
[Chil1550468679535	Marionette	INFO	Stopped listening on port 51535
